TN:
SF:src\hooks\useCarbonCalc.ts
FN:4,useCarbonCalc
FN:5,(anonymous_1)
FN:10,(anonymous_2)
FN:11,(anonymous_3)
FN:14,(anonymous_4)
FN:19,(anonymous_5)
FN:20,(anonymous_6)
FN:23,(anonymous_7)
FN:28,(anonymous_8)
FN:29,(anonymous_9)
FN:32,(anonymous_10)
FN:34,(anonymous_11)
FN:40,(anonymous_12)
FN:47,(anonymous_13)
FN:55,(anonymous_14)
FN:56,(anonymous_15)
FNF:16
FNH:16
FNDA:4,useCarbonCalc
FNDA:4,(anonymous_1)
FNDA:8,(anonymous_2)
FNDA:4,(anonymous_3)
FNDA:4,(anonymous_4)
FNDA:8,(anonymous_5)
FNDA:8,(anonymous_6)
FNDA:4,(anonymous_7)
FNDA:8,(anonymous_8)
FNDA:8,(anonymous_9)
FNDA:4,(anonymous_10)
FNDA:8,(anonymous_11)
FNDA:4,(anonymous_12)
FNDA:4,(anonymous_13)
FNDA:56,(anonymous_14)
FNDA:4,(anonymous_15)
DA:5,4
DA:6,4
DA:7,4
DA:8,4
DA:9,4
DA:10,8
DA:11,4
DA:14,4
DA:15,4
DA:16,4
DA:17,4
DA:18,4
DA:19,8
DA:20,8
DA:23,4
DA:24,4
DA:25,4
DA:26,4
DA:27,4
DA:28,8
DA:29,8
DA:32,4
DA:33,4
DA:34,4
DA:35,8
DA:37,4
DA:40,4
DA:41,4
DA:47,4
DA:48,4
DA:49,4
DA:50,4
DA:51,28
DA:52,28
DA:53,28
DA:54,28
DA:55,56
DA:56,4
DA:57,28
DA:59,28
DA:62,4
LF:41
LH:41
BRDA:35,0,0,8
BRDA:35,0,1,8
BRF:2
BRH:2
end_of_record
TN:
SF:src\utils\emissionFactors.ts
FN:59,calculateCO2
FNF:1
FNH:1
FNDA:10,calculateCO2
DA:11,1
DA:25,1
DA:39,1
DA:46,1
DA:53,1
DA:57,1
DA:60,10
DA:61,8
DA:62,8
DA:63,7
DA:64,7
DA:65,6
LF:12
LH:12
BRDA:60,0,0,2
BRDA:60,0,1,8
BRDA:62,1,0,1
BRDA:62,1,1,7
BRDA:64,2,0,1
BRDA:64,2,1,6
BRF:6
BRH:6
end_of_record
TN:
SF:src\utils\formatters.ts
FN:1,formatCO2
FN:11,formatDate
FNF:2
FNH:2
FNDA:3,formatCO2
FNDA:1,formatDate
DA:2,3
DA:3,1
DA:5,2
DA:6,1
DA:8,1
DA:12,1
LF:6
LH:6
BRDA:2,0,0,1
BRDA:2,0,1,2
BRDA:5,1,0,1
BRDA:5,1,1,1
BRF:4
BRH:4
end_of_record
TN:
SF:src\utils\validators.ts
FN:45,sanitize
FNF:1
FNH:1
FNDA:3,sanitize
DA:3,1
DA:12,1
DA:21,1
DA:29,1
DA:46,3
LF:5
LH:5
BRF:0
BRH:0
end_of_record
